Start testing: Oct 11 16:58 CEST
----------------------------------------------------------
1/1 Testing: AllTestsAllocator
1/1 Test: AllTestsAllocator
Command: "/home/corentin/Documents/sepc/ensimag-malloc/build/alloctest"
Directory: /home/corentin/Documents/sepc/ensimag-malloc/build
"AllTestsAllocator" start time: Oct 11 16:58 CEST
Output:
----------------------------------------------------------
[==========] Running 12 tests from 4 test suites.
[----------] Global test environment set-up.
[----------] 1 test from Mark
[ RUN      ] Mark.mmix
Magic: 563282528114132898
Magic: 563282528114132897/home/corentin/Documents/sepc/ensimag-malloc/tests/test_mark.cc:22: Failure
Expected equality of these values:
  pmem0
    Which is: 0x7fff54f5db42
  & tab[2]
    Which is: 0x7fff54f5db50
[  FAILED  ] Mark.mmix (2955 ms)
[----------] 1 test from Mark (2955 ms total)

[----------] 7 tests from Basic
[ RUN      ] Basic.zero
[       OK ] Basic.zero (0 ms)
[ RUN      ] Basic.onetinysmall
<end of output>
Test time =   3.11 sec
----------------------------------------------------------
Test Failed.
"AllTestsAllocator" end time: Oct 11 16:58 CEST
"AllTestsAllocator" time elapsed: 00:00:03
----------------------------------------------------------

End testing: Oct 11 16:58 CEST
