Start testing: Oct 25 17:45 CEST
----------------------------------------------------------
1/1 Testing: UnitShellTests
1/1 Test: UnitShellTests
Command: "/home/corentin/Documents/sepc/ensimag-shell/tests/allShellTests.rb"
Directory: /home/corentin/Documents/sepc/ensimag-shell/build
"UnitShellTests" start time: Oct 25 17:45 CEST
Output:
----------------------------------------------------------
Run options: --seed 26621

# Running:

FFFFFFFF..

Finished in 8.056697s, 1.2412 runs/s, 1.2412 assertions/s.

  1) Failure:
Test2InOut#test_inoutpipe [/home/corentin/Documents/sepc/ensimag-shell/tests/testInOut.rb:50]:
cat titiExpect.txt titiExpect.txt n'a pas rendu deux fois le même entier à la suite.
Expected nil to not be nil.

  2) Failure:
Test2InOut#test_inout [/home/corentin/Documents/sepc/ensimag-shell/tests/testInOut.rb:27]:
sortie incohérente pour ls -l.
Expected nil to not be nil.

  3) Failure:
Test2InOut#test_pipe [/home/corentin/Documents/sepc/ensimag-shell/tests/testInOut.rb:42]:
sortie incohérente pour ls | wc -l.
Expected nil to not be nil.

  4) Failure:
Test2InOut#test_parallelisme [/home/corentin/Documents/sepc/ensimag-shell/tests/testInOut.rb:63]:
le | ne semble pas parallèle.
Expected nil to not be nil.

  5) Failure:
Test1ForkExec#test_seq [/home/corentin/Documents/sepc/ensimag-shell/tests/testForkExec.rb:38]:
Sortie incohérente pour 'seq 0 3'.
Expected nil to not be nil.

  6) Failure:
Test1ForkExec#test_all [/home/corentin/Documents/sepc/ensimag-shell/tests/testForkExec.rb:38]:
Sortie incohérente pour 'seq 0 3'.
Expected nil to not be nil.

  7) Failure:
Test1ForkExec#test_printf [/home/corentin/Documents/sepc/ensimag-shell/tests/testForkExec.rb:44]:
Sortie incohérente pour 'seq 0 3'.
Expected nil to not be nil.

  8) Failure:
Test3Jobs#test_inout [/home/corentin/Documents/sepc/ensimag-shell/tests/testJobs.rb:25]:
le ls n'a pas afficher la taille du fichier.
Expected nil to not be nil.

10 runs, 10 assertions, 8 failures, 0 errors, 0 skips
<end of output>
Test time =   8.25 sec
----------------------------------------------------------
Test Failed.
"UnitShellTests" end time: Oct 25 17:45 CEST
"UnitShellTests" time elapsed: 00:00:08
----------------------------------------------------------

End testing: Oct 25 17:45 CEST
